<?xml version="1.0" encoding="UTF-8"?>
<!-- Generated by org.testng.reporters.JUnitReportReporter -->
<testsuite hostname="LAPTOP-GAUPM6CM" failures="0" tests="1" name="aug22nd.ScreenshotDemo1" time="10.117" errors="0" timestamp="2024-08-22T10:02:05 IST" skipped="0">
  <testcase classname="aug22nd.ScreenshotDemo1" name="screenshotTest" time="10.117"/>
  <system-out/>
</testsuite> <!-- aug22nd.ScreenshotDemo1 -->
