<?xml version="1.0" encoding="UTF-8"?>
<!-- Generated by org.testng.reporters.JUnitReportReporter -->
<testsuite hostname="LAPTOP-GAUPM6CM" failures="0" tests="1" name="aug21st.JavaScriptScrollDemo2" time="11.660" errors="0" timestamp="2024-08-21T10:05:39 IST" skipped="0">
  <testcase classname="aug21st.JavaScriptScrollDemo2" name="scrollTest" time="11.660"/>
  <system-out/>
</testsuite> <!-- aug21st.JavaScriptScrollDemo2 -->
