<?xml version="1.0" encoding="UTF-8"?>
<!-- Generated by org.testng.reporters.JUnitReportReporter -->
<testsuite hostname="LAPTOP-GAUPM6CM" failures="0" tests="1" name="aug12th.MultipleWindow" time="23.824" errors="0" timestamp="2024-08-12T09:56:22 IST" skipped="0">
  <testcase classname="aug12th.MultipleWindow" name="multipleWindowsTest" time="23.824"/>
  <system-out/>
</testsuite> <!-- aug12th.MultipleWindow -->
