<?xml version="1.0" encoding="UTF-8"?>
<!-- Generated by org.testng.reporters.JUnitReportReporter -->
<testsuite hostname="LAPTOP-GAUPM6CM" failures="0" tests="1" name="aug21st.LinksTesting4" time="61.571" errors="0" timestamp="2024-08-21T10:10:36 IST" skipped="0">
  <testcase classname="aug21st.LinksTesting4" name="noOflinksTest" time="61.571"/>
  <system-out/>
</testsuite> <!-- aug21st.LinksTesting4 -->
