<?xml version="1.0" encoding="UTF-8"?>
<!-- Generated by org.testng.reporters.JUnitReportReporter -->
<testsuite hostname="LAPTOP-GAUPM6CM" failures="0" tests="1" name="assignments.DropdownTesting4" time="5.568" errors="0" timestamp="2024-08-12T09:27:32 IST" skipped="0">
  <testcase classname="assignments.DropdownTesting4" name="noOflinksTest" time="5.568"/>
  <system-out/>
</testsuite> <!-- assignments.DropdownTesting4 -->
