<?xml version="1.0" encoding="UTF-8"?>
<!-- Generated by org.testng.reporters.JUnitReportReporter -->
<testsuite hostname="LAPTOP-GAUPM6CM" failures="0" tests="1" name="aug9th.LinksTesting3" time="7.136" errors="0" timestamp="2024-08-09T09:48:23 IST" skipped="0">
  <testcase classname="aug9th.LinksTesting3" name="noOflinksTest" time="7.136"/>
  <system-out/>
</testsuite> <!-- aug9th.LinksTesting3 -->
