<?xml version="1.0" encoding="UTF-8"?>
<!-- Generated by org.testng.reporters.JUnitReportReporter -->
<testsuite hostname="LAPTOP-GAUPM6CM" failures="0" tests="1" name="aug23rd.WebTable2" time="49.476" errors="0" timestamp="2024-08-23T10:25:06 IST" skipped="0">
  <testcase classname="aug23rd.WebTable2" name="webTableTest" time="49.476"/>
  <system-out/>
</testsuite> <!-- aug23rd.WebTable2 -->
