<?xml version="1.0" encoding="UTF-8"?>
<!-- Generated by org.testng.reporters.JUnitReportReporter -->
<testsuite hostname="LAPTOP-GAUPM6CM" failures="0" tests="1" name="assignments.DropdownTesting5" time="4.706" errors="0" timestamp="2024-08-12T09:30:49 IST" skipped="0">
  <testcase classname="assignments.DropdownTesting5" name="noOflinksTest" time="4.706"/>
  <system-out/>
</testsuite> <!-- assignments.DropdownTesting5 -->
