<?xml version="1.0" encoding="UTF-8"?>
<!-- Generated by org.testng.reporters.JUnitReportReporter -->
<testsuite hostname="LAPTOP-GAUPM6CM" failures="0" tests="1" name="aug21st.ValidateLogin2" time="17.492" errors="0" timestamp="2024-08-21T10:32:11 IST" skipped="0">
  <testcase classname="aug21st.ValidateLogin2" name="validateLoginTest" time="17.492"/>
  <system-out/>
</testsuite> <!-- aug21st.ValidateLogin2 -->
