<?xml version="1.0" encoding="UTF-8"?>
<!-- Generated by org.testng.reporters.JUnitReportReporter -->
<testsuite hostname="LAPTOP-GAUPM6CM" failures="0" tests="1" name="aug26th.Fileupload" time="86.117" errors="0" timestamp="2024-08-26T10:28:29 IST" skipped="0">
  <testcase classname="aug26th.Fileupload" name="fileUploadTest" time="86.117"/>
  <system-out/>
</testsuite> <!-- aug26th.Fileupload -->
