<?xml version="1.0" encoding="UTF-8"?>
<!-- Generated by org.testng.reporters.JUnitReportReporter -->
<testsuite hostname="LAPTOP-GAUPM6CM" failures="0" tests="1" name="aug21st.JavaScriptScrollDemo1" time="13.934" errors="0" timestamp="2024-08-21T09:59:22 IST" skipped="0">
  <testcase classname="aug21st.JavaScriptScrollDemo1" name="scrollTest" time="13.934"/>
  <system-out/>
</testsuite> <!-- aug21st.JavaScriptScrollDemo1 -->
