<?xml version="1.0" encoding="UTF-8"?>
<!-- Generated by org.testng.reporters.JUnitReportReporter -->
<testsuite hostname="LAPTOP-GAUPM6CM" failures="0" tests="1" name="aug23rd.WebTable1" time="39.094" errors="0" timestamp="2024-08-23T10:16:41 IST" skipped="0">
  <testcase classname="aug23rd.WebTable1" name="webTableTest" time="39.094"/>
  <system-out/>
</testsuite> <!-- aug23rd.WebTable1 -->
