<?xml version="1.0" encoding="UTF-8"?>
<!-- Generated by org.testng.reporters.JUnitReportReporter -->
<testsuite hostname="LAPTOP-GAUPM6CM" failures="0" tests="1" name="aug12th.FrameHandling" time="11.013" errors="0" timestamp="2024-08-12T10:25:24 IST" skipped="0">
  <testcase classname="aug12th.FrameHandling" name="frameHandlingTest" time="11.013"/>
  <system-out/>
</testsuite> <!-- aug12th.FrameHandling -->
