<?xml version="1.0" encoding="UTF-8"?>
<!-- Generated by org.testng.reporters.JUnitReportReporter -->
<testsuite hostname="LAPTOP-GAUPM6CM" failures="0" tests="2" name="aug23rd.RadioButton" time="23.676" errors="0" timestamp="2024-08-23T09:47:44 IST" skipped="0">
  <testcase classname="aug23rd.RadioButton" name="radioButtonTest" time="9.456"/>
  <system-out/>
  <testcase classname="aug23rd.RadioButton" name="radioButtonTest2" time="14.220"/>
  <system-out/>
</testsuite> <!-- aug23rd.RadioButton -->
