<?xml version="1.0" encoding="UTF-8"?>
<!-- Generated by org.testng.reporters.JUnitReportReporter -->
<testsuite hostname="LAPTOP-GAUPM6CM" failures="0" tests="1" name="aug9th.LinksTesting4" time="68.725" errors="0" timestamp="2024-08-09T10:11:13 IST" skipped="0">
  <testcase classname="aug9th.LinksTesting4" name="noOflinksTest" time="68.725"/>
  <system-out/>
</testsuite> <!-- aug9th.LinksTesting4 -->
