<?xml version="1.0" encoding="UTF-8"?>
<!-- Generated by org.testng.reporters.JUnitReportReporter -->
<testsuite hostname="LAPTOP-GAUPM6CM" failures="0" tests="4" name="aug23rd.CheckBox" time="57.858" errors="0" timestamp="2024-08-23T10:06:45 IST" skipped="0">
  <testcase classname="aug23rd.CheckBox" name="checkBoxTest2" time="12.423"/>
  <system-out/>
  <testcase classname="aug23rd.CheckBox" name="checkBoxTest" time="10.789"/>
  <system-out/>
  <testcase classname="aug23rd.CheckBox" name="checkBoxTest3" time="15.892"/>
  <system-out/>
  <testcase classname="aug23rd.CheckBox" name="radioButtonTest4" time="18.754"/>
  <system-out/>
</testsuite> <!-- aug23rd.CheckBox -->
