<?xml version="1.0" encoding="UTF-8"?>
<!-- Generated by org.testng.reporters.JUnitReportReporter -->
<testsuite hostname="LAPTOP-GAUPM6CM" failures="0" tests="1" name="aug22nd.ValidateLogin" time="16.054" errors="0" timestamp="2024-08-22T10:11:22 IST" skipped="0">
  <testcase classname="aug22nd.ValidateLogin" name="validateLoginTest" time="16.054"/>
  <system-out/>
</testsuite> <!-- aug22nd.ValidateLogin -->
