<?xml version="1.0" encoding="UTF-8"?>
<!-- Generated by org.testng.reporters.JUnitReportReporter -->
<testsuite hostname="LAPTOP-GAUPM6CM" failures="0" tests="1" name="aug21st.ValidateLogin" time="16.695" errors="0" timestamp="2024-08-21T10:26:02 IST" skipped="0">
  <testcase classname="aug21st.ValidateLogin" name="validateLoginTest" time="16.695"/>
  <system-out/>
</testsuite> <!-- aug21st.ValidateLogin -->
