<?xml version="1.0" encoding="UTF-8"?>
<!-- Generated by org.testng.reporters.JUnitReportReporter -->
<testsuite hostname="LAPTOP-GAUPM6CM" failures="0" tests="1" name="aug22nd.WaitsDemo1" time="12.395" errors="0" timestamp="2024-08-22T10:20:22 IST" skipped="0">
  <testcase classname="aug22nd.WaitsDemo1" name="validateLoginTest" time="12.395"/>
  <system-out/>
</testsuite> <!-- aug22nd.WaitsDemo1 -->
