<?xml version="1.0" encoding="UTF-8"?>
<!-- Generated by org.testng.reporters.JUnitReportReporter -->
<testsuite hostname="LAPTOP-GAUPM6CM" failures="0" tests="4" name="aug9th.AdactinApp" time="0.011" errors="0" timestamp="2024-08-09T09:33:43 IST" skipped="0">
  <testcase classname="aug9th.AdactinApp" name="validateRegistrationTest" time="0.003"/>
  <system-out/>
  <testcase classname="aug9th.AdactinApp" name="validateLoginTest" time="0.007"/>
  <system-out/>
  <testcase classname="aug9th.AdactinApp" name="validateForgotPasswordTest" time="0.001"/>
  <system-out/>
  <testcase classname="aug9th.AdactinApp" name="validateChangePasswordTest" time="0.000"/>
  <system-out/>
</testsuite> <!-- aug9th.AdactinApp -->
