<?xml version="1.0" encoding="UTF-8"?>
<!-- Generated by org.testng.reporters.JUnitReportReporter -->
<testsuite hostname="LAPTOP-GAUPM6CM" failures="0" tests="1" name="aug12th.MultipleWindow2" time="24.636" errors="0" timestamp="2024-08-12T10:03:26 IST" skipped="0">
  <testcase classname="aug12th.MultipleWindow2" name="multipleWindowsTest" time="24.636"/>
  <system-out/>
</testsuite> <!-- aug12th.MultipleWindow2 -->
