<?xml version="1.0" encoding="UTF-8"?>
<!-- Generated by org.testng.reporters.JUnitReportReporter -->
<testsuite hostname="LAPTOP-GAUPM6CM" failures="0" tests="1" name="aug26th.ShadowDom" time="9.052" errors="0" timestamp="2024-08-26T09:51:15 IST" skipped="0">
  <testcase classname="aug26th.ShadowDom" name="shadowDomTest" time="9.052"/>
  <system-out/>
</testsuite> <!-- aug26th.ShadowDom -->
