<?xml version="1.0" encoding="UTF-8"?>
<!-- Generated by org.testng.reporters.JUnitReportReporter -->
<testsuite hostname="LAPTOP-GAUPM6CM" failures="0" tests="1" name="aug13th.FrameHanlding2" time="39.347" errors="0" timestamp="2024-08-13T09:40:04 IST" skipped="0">
  <testcase classname="aug13th.FrameHanlding2" name="frameHandlingTest" time="39.347"/>
  <system-out/>
</testsuite> <!-- aug13th.FrameHanlding2 -->
