<?xml version="1.0" encoding="UTF-8"?>
<!-- Generated by org.testng.reporters.JUnitReportReporter -->
<testsuite hostname="LAPTOP-GAUPM6CM" failures="0" tests="1" name="aug23rd.WaitsDemo3" time="15.374" errors="0" timestamp="2024-08-23T09:40:34 IST" skipped="0">
  <testcase classname="aug23rd.WaitsDemo3" name="waitTest" time="15.374"/>
  <system-out/>
</testsuite> <!-- aug23rd.WaitsDemo3 -->
