<?xml version="1.0" encoding="UTF-8"?>
<!-- Generated by org.testng.reporters.JUnitReportReporter -->
<testsuite hostname="LAPTOP-GAUPM6CM" failures="0" tests="1" name="aug8th.AdactinApp" time="0.006" errors="0" timestamp="2024-08-08T10:23:16 IST" skipped="0">
  <testcase classname="aug8th.AdactinApp" name="validateLoginTest" time="0.006"/>
  <system-out/>
</testsuite> <!-- aug8th.AdactinApp -->
